DEPRECATION WARNING: ActiveRecord::Base.raise_in_transactional_callbacks= is deprecated, has no effect and will be removed without replacement. (called from <top (required)> at /Users/appacademy/Desktop/app-academy/curriculum/html-css/projects/aa_times/skeleton/config/environment.rb:5)
DEPRECATION WARNING: Passing #original_exception is deprecated and has no effect. Exceptions will automatically capture the original exception. (called from require at /Users/appacademy/Desktop/app-academy/curriculum/html-css/projects/aa_times/skeleton/bin/rails:9)
DEPRECATION WARNING: ActiveRecord::Base.raise_in_transactional_callbacks= is deprecated, has no effect and will be removed without replacement. (called from require at /Users/appacademy/Desktop/app-academy/curriculum/html-css/projects/aa_times/skeleton/bin/rails:9)
  [1m[35m (6.2ms)[0m  [1m[35mCREATE TABLE "schema_migrations" ("version" varchar NOT NULL PRIMARY KEY)[0m
  [1m[35m (2.7ms)[0m  [1m[35mCREATE TABLE "ar_internal_metadata" ("key" varchar NOT NULL PRIMARY KEY, "value" varchar, "created_at" datetime NOT NULL, "updated_at" datetime NOT NULL)[0m
  [1m[36mActiveRecord::InternalMetadata Load (0.3ms)[0m  [1m[34mSELECT  "ar_internal_metadata".* FROM "ar_internal_metadata" WHERE "ar_internal_metadata"."key" = ? LIMIT ?[0m  [["key", "environment"], ["LIMIT", 1]]
  [1m[35m (0.1ms)[0m  [1m[36mbegin transaction[0m
  [1m[35mSQL (0.5ms)[0m  [1m[32mINSERT INTO "ar_internal_metadata" ("key", "value", "created_at", "updated_at") VALUES (?, ?, ?, ?)[0m  [["key", "environment"], ["value", "development"], ["created_at", "2018-05-08 13:28:35.437337"], ["updated_at", "2018-05-08 13:28:35.437337"]]
  [1m[35m (2.2ms)[0m  [1m[36mcommit transaction[0m
  [1m[36mActiveRecord::SchemaMigration Load (0.1ms)[0m  [1m[34mSELECT "schema_migrations".* FROM "schema_migrations"[0m
Started GET "/" for ::1 at 2018-05-08 09:29:10 -0400
DEPRECATION WARNING: ActiveRecord::Base.raise_in_transactional_callbacks= is deprecated, has no effect and will be removed without replacement. (called from block (3 levels) in <class:Railtie> at /usr/local/var/rbenv/versions/2.3.1/lib/ruby/gems/2.3.0/gems/activerecord-5.0.7/lib/active_record/railtie.rb:113)
Processing by StaticPagesController#index as HTML
  Rendering static_pages/index.html.erb within layouts/application
  Rendered shared/_main_nav.html.erb (0.7ms)
  Rendered shared/_masthead.html.erb (0.5ms)
  Rendered shared/_sections_nav.html.erb (0.9ms)
  Rendered shared/_search_modal.html.erb (0.5ms)
  Rendered shared/_main_content.html.erb (0.4ms)
  Rendered static_pages/index.html.erb within layouts/application (32.0ms)
Completed 200 OK in 817ms (Views: 810.1ms | ActiveRecord: 0.0ms)


Started GET "/assets/components/dropdown.self-815016af6fab1d5b72abd319213bf62f0c42bab2c585d2e059543ae704a0d74c.js?body=1" for ::1 at 2018-05-08 09:29:11 -0400
Started GET "/assets/components/modal.self-52188644dbb47def5ee35ae02e69eb567ca9b664472357a8a5789dd39032a265.js?body=1" for ::1 at 2018-05-08 09:29:11 -0400
Started GET "/assets/components/sidebar.self-2a1277f850a6fa21e1a974ef5152f177ac05516477d5081d593bb137b3d6808b.js?body=1" for ::1 at 2018-05-08 09:29:11 -0400
Started GET "/assets/application.self-f571b9db02bf4ed04c38a6a29072ac382f7d4f47db1fab9817aeadb0d8665235.js?body=1" for ::1 at 2018-05-08 09:29:11 -0400
Started GET "/assets/application.self-b663423749731f7aefc12aab04903643ffbbfafb45fcfb66496adb852614caef.css?body=1" for ::1 at 2018-05-08 09:29:11 -0400
Started GET "/session/new" for ::1 at 2018-05-11 10:46:00 -0700
DEPRECATION WARNING: ActiveRecord::Base.raise_in_transactional_callbacks= is deprecated, has no effect and will be removed without replacement. (called from block (3 levels) in <class:Railtie> at /usr/local/var/rbenv/versions/2.5.0/lib/ruby/gems/2.5.0/gems/activerecord-5.0.7/lib/active_record/railtie.rb:113)
  
ActionController::RoutingError (No route matches [GET] "/session/new"):
  
actionpack (5.0.7) lib/action_dispatch/middleware/debug_exceptions.rb:53:in `call'
web-console (3.6.2) lib/web_console/middleware.rb:135:in `call_app'
web-console (3.6.2) lib/web_console/middleware.rb:30:in `block in call'
web-console (3.6.2) lib/web_console/middleware.rb:20:in `catch'
web-console (3.6.2) lib/web_console/middleware.rb:20:in `call'
actionpack (5.0.7) lib/action_dispatch/middleware/show_exceptions.rb:31:in `call'
railties (5.0.7) lib/rails/rack/logger.rb:36:in `call_app'
railties (5.0.7) lib/rails/rack/logger.rb:24:in `block in call'
activesupport (5.0.7) lib/active_support/tagged_logging.rb:69:in `block in tagged'
activesupport (5.0.7) lib/active_support/tagged_logging.rb:26:in `tagged'
activesupport (5.0.7) lib/active_support/tagged_logging.rb:69:in `tagged'
railties (5.0.7) lib/rails/rack/logger.rb:24:in `call'
actionpack (5.0.7) lib/action_dispatch/middleware/request_id.rb:24:in `call'
rack (2.0.5) lib/rack/method_override.rb:22:in `call'
rack (2.0.5) lib/rack/runtime.rb:22:in `call'
activesupport (5.0.7) lib/active_support/cache/strategy/local_cache_middleware.rb:28:in `call'
actionpack (5.0.7) lib/action_dispatch/middleware/executor.rb:12:in `call'
rack-livereload (0.3.17) lib/rack/livereload.rb:23:in `_call'
rack-livereload (0.3.17) lib/rack/livereload.rb:14:in `call'
actionpack (5.0.7) lib/action_dispatch/middleware/static.rb:136:in `call'
rack (2.0.5) lib/rack/sendfile.rb:111:in `call'
railties (5.0.7) lib/rails/engine.rb:522:in `call'
puma (3.11.4) lib/puma/configuration.rb:225:in `call'
puma (3.11.4) lib/puma/server.rb:632:in `handle_request'
puma (3.11.4) lib/puma/server.rb:446:in `process_client'
puma (3.11.4) lib/puma/server.rb:306:in `block in run'
puma (3.11.4) lib/puma/thread_pool.rb:120:in `block in spawn_thread'
  Rendering /usr/local/var/rbenv/versions/2.5.0/lib/ruby/gems/2.5.0/gems/actionpack-5.0.7/lib/action_dispatch/middleware/templates/rescues/routing_error.html.erb within rescues/layout
  Rendering /usr/local/var/rbenv/versions/2.5.0/lib/ruby/gems/2.5.0/gems/actionpack-5.0.7/lib/action_dispatch/middleware/templates/rescues/_trace.html.erb
  Rendered /usr/local/var/rbenv/versions/2.5.0/lib/ruby/gems/2.5.0/gems/actionpack-5.0.7/lib/action_dispatch/middleware/templates/rescues/_trace.html.erb (1.1ms)
  Rendered collection of /usr/local/var/rbenv/versions/2.5.0/lib/ruby/gems/2.5.0/gems/actionpack-5.0.7/lib/action_dispatch/middleware/templates/routes/_route.html.erb [1 times] (1.3ms)
  Rendered /usr/local/var/rbenv/versions/2.5.0/lib/ruby/gems/2.5.0/gems/actionpack-5.0.7/lib/action_dispatch/middleware/templates/routes/_table.html.erb (10.9ms)
  Rendering /usr/local/var/rbenv/versions/2.5.0/lib/ruby/gems/2.5.0/gems/actionpack-5.0.7/lib/action_dispatch/middleware/templates/rescues/_request_and_response.html.erb
  Rendered /usr/local/var/rbenv/versions/2.5.0/lib/ruby/gems/2.5.0/gems/actionpack-5.0.7/lib/action_dispatch/middleware/templates/rescues/_request_and_response.html.erb (11.8ms)
  Rendered /usr/local/var/rbenv/versions/2.5.0/lib/ruby/gems/2.5.0/gems/actionpack-5.0.7/lib/action_dispatch/middleware/templates/rescues/routing_error.html.erb within rescues/layout (190.5ms)
Started GET "/" for ::1 at 2018-05-11 10:46:02 -0700
Processing by StaticPagesController#index as HTML
  Rendering static_pages/index.html.erb within layouts/application
  Rendered shared/_main_nav.html.erb (0.5ms)
  Rendered shared/_masthead.html.erb (0.8ms)
  Rendered shared/_sections_nav.html.erb (0.3ms)
  Rendered shared/_search_modal.html.erb (0.4ms)
  Rendered shared/_main_content.html.erb (0.4ms)
  Rendered static_pages/index.html.erb within layouts/application (16.8ms)
Completed 200 OK in 875ms (Views: 849.0ms | ActiveRecord: 0.0ms)


Started GET "/assets/application.self-e383938badef6c6a71351551db119d1be25006c72bd11f3a637ea5370fe52a14.css?body=1" for ::1 at 2018-05-11 10:46:03 -0700
Started GET "/assets/jquery_ujs.self-784a997f6726036b1993eb2217c9cb558e1cbb801c6da88105588c56f13b466a.js?body=1" for ::1 at 2018-05-11 10:46:03 -0700
Started GET "/assets/components/dropdown.self-815016af6fab1d5b72abd319213bf62f0c42bab2c585d2e059543ae704a0d74c.js?body=1" for ::1 at 2018-05-11 10:46:03 -0700
Started GET "/assets/jquery.self-bd7ddd393353a8d2480a622e80342adf488fb6006d667e8b42e4c0073393abee.js?body=1" for ::1 at 2018-05-11 10:46:03 -0700
Started GET "/assets/components/modal.self-52188644dbb47def5ee35ae02e69eb567ca9b664472357a8a5789dd39032a265.js?body=1" for ::1 at 2018-05-11 10:46:03 -0700
Started GET "/assets/components/sidebar.self-2a1277f850a6fa21e1a974ef5152f177ac05516477d5081d593bb137b3d6808b.js?body=1" for ::1 at 2018-05-11 10:46:03 -0700
Started GET "/assets/application.self-f571b9db02bf4ed04c38a6a29072ac382f7d4f47db1fab9817aeadb0d8665235.js?body=1" for ::1 at 2018-05-11 10:46:03 -0700
Started GET "/" for ::1 at 2018-05-11 10:49:27 -0700
Processing by StaticPagesController#index as HTML
  Rendering static_pages/index.html.erb within layouts/application
  Rendered shared/_main_nav.html.erb (0.6ms)
  Rendered shared/_masthead.html.erb (1.0ms)
  Rendered shared/_sections_nav.html.erb (0.2ms)
  Rendered shared/_search_modal.html.erb (0.2ms)
  Rendered shared/_main_content.html.erb (0.3ms)
  Rendered static_pages/index.html.erb within layouts/application (25.4ms)
Completed 200 OK in 80ms (Views: 78.3ms | ActiveRecord: 0.0ms)


Started GET "/assets/application.self-e383938badef6c6a71351551db119d1be25006c72bd11f3a637ea5370fe52a14.css?body=1&livereload=1526061251095" for ::1 at 2018-05-11 10:54:11 -0700
Started GET "/assets/application.self-e383938badef6c6a71351551db119d1be25006c72bd11f3a637ea5370fe52a14.css?body=1&livereload=1526061251098" for ::1 at 2018-05-11 10:54:11 -0700
Started GET "/assets/application.self-e383938badef6c6a71351551db119d1be25006c72bd11f3a637ea5370fe52a14.css?body=1&livereload=1526061258608" for ::1 at 2018-05-11 10:54:18 -0700
Started GET "/assets/application.self-e383938badef6c6a71351551db119d1be25006c72bd11f3a637ea5370fe52a14.css?body=1&livereload=1526061258609" for ::1 at 2018-05-11 10:54:18 -0700
Started GET "/" for ::1 at 2018-05-11 10:54:19 -0700
Processing by StaticPagesController#index as HTML
  Rendering static_pages/index.html.erb within layouts/application
  Rendered shared/_main_nav.html.erb (0.4ms)
  Rendered shared/_masthead.html.erb (0.4ms)
  Rendered shared/_sections_nav.html.erb (0.3ms)
  Rendered shared/_search_modal.html.erb (0.3ms)
  Rendered shared/_main_content.html.erb (0.2ms)
  Rendered static_pages/index.html.erb within layouts/application (13.0ms)
Completed 200 OK in 156ms (Views: 101.5ms | ActiveRecord: 0.0ms)


Started GET "/assets/application.self-65243e10e22b1353c2df4686d364634bc1164a06be4da5b983c8e92fb8f0d0aa.css?body=1" for ::1 at 2018-05-11 10:54:20 -0700
Started GET "/assets/application.self-65243e10e22b1353c2df4686d364634bc1164a06be4da5b983c8e92fb8f0d0aa.css?body=1&livereload=1526061292412" for ::1 at 2018-05-11 10:54:52 -0700
Started GET "/assets/application.self-65243e10e22b1353c2df4686d364634bc1164a06be4da5b983c8e92fb8f0d0aa.css?body=1&livereload=1526061292414" for ::1 at 2018-05-11 10:54:52 -0700
Started GET "/" for ::1 at 2018-05-11 10:54:54 -0700
Processing by StaticPagesController#index as HTML
  Rendering static_pages/index.html.erb within layouts/application
  Rendered shared/_main_nav.html.erb (0.5ms)
  Rendered shared/_masthead.html.erb (0.2ms)
  Rendered shared/_sections_nav.html.erb (0.2ms)
  Rendered shared/_search_modal.html.erb (0.2ms)
  Rendered shared/_main_content.html.erb (0.2ms)
  Rendered static_pages/index.html.erb within layouts/application (23.5ms)
Completed 200 OK in 143ms (Views: 140.2ms | ActiveRecord: 0.0ms)


Started GET "/assets/application.self-7be513f8c81e40a344a00a6bc8ff01c671bd3b30c65efe527488ae198d3311c6.css?body=1" for ::1 at 2018-05-11 10:54:54 -0700
Started GET "/" for ::1 at 2018-05-11 10:54:54 -0700
Processing by StaticPagesController#index as HTML
  Rendering static_pages/index.html.erb within layouts/application
  Rendered shared/_main_nav.html.erb (0.5ms)
  Rendered shared/_masthead.html.erb (0.4ms)
  Rendered shared/_sections_nav.html.erb (0.4ms)
  Rendered shared/_search_modal.html.erb (0.6ms)
  Rendered shared/_main_content.html.erb (0.4ms)
  Rendered static_pages/index.html.erb within layouts/application (14.3ms)
Completed 200 OK in 55ms (Views: 48.7ms | ActiveRecord: 0.0ms)


Started GET "/" for ::1 at 2018-05-11 10:56:52 -0700
Processing by StaticPagesController#index as HTML
  Rendering static_pages/index.html.erb within layouts/application
  Rendered shared/_main_nav.html.erb (0.6ms)
  Rendered shared/_masthead.html.erb (0.7ms)
  Rendered shared/_sections_nav.html.erb (0.3ms)
  Rendered shared/_search_modal.html.erb (0.2ms)
  Rendered shared/_main_content.html.erb (0.6ms)
  Rendered static_pages/index.html.erb within layouts/application (11.4ms)
Completed 200 OK in 49ms (Views: 47.8ms | ActiveRecord: 0.0ms)


Started GET "/assets/application.self-7be513f8c81e40a344a00a6bc8ff01c671bd3b30c65efe527488ae198d3311c6.css?body=1&livereload=1526061580998" for ::1 at 2018-05-11 10:59:41 -0700
Started GET "/assets/application.self-7be513f8c81e40a344a00a6bc8ff01c671bd3b30c65efe527488ae198d3311c6.css?body=1&livereload=1526061581001" for ::1 at 2018-05-11 10:59:41 -0700
Started GET "/assets/application.self-7be513f8c81e40a344a00a6bc8ff01c671bd3b30c65efe527488ae198d3311c6.css?body=1&livereload=1526061695667" for ::1 at 2018-05-11 11:01:35 -0700
Started GET "/assets/application.self-7be513f8c81e40a344a00a6bc8ff01c671bd3b30c65efe527488ae198d3311c6.css?body=1&livereload=1526061695668" for ::1 at 2018-05-11 11:01:35 -0700
Started GET "/assets/application.self-7be513f8c81e40a344a00a6bc8ff01c671bd3b30c65efe527488ae198d3311c6.css?body=1&livereload=1526061765963" for ::1 at 2018-05-11 11:02:45 -0700
Started GET "/assets/application.self-7be513f8c81e40a344a00a6bc8ff01c671bd3b30c65efe527488ae198d3311c6.css?body=1&livereload=1526061765964" for ::1 at 2018-05-11 11:02:45 -0700
Started GET "/assets/application.self-7be513f8c81e40a344a00a6bc8ff01c671bd3b30c65efe527488ae198d3311c6.css?body=1&livereload=1526061777954" for ::1 at 2018-05-11 11:02:57 -0700
Started GET "/assets/application.self-7be513f8c81e40a344a00a6bc8ff01c671bd3b30c65efe527488ae198d3311c6.css?body=1&livereload=1526061777955" for ::1 at 2018-05-11 11:02:57 -0700
Started GET "/" for ::1 at 2018-05-11 11:03:02 -0700
Processing by StaticPagesController#index as HTML
  Rendering static_pages/index.html.erb within layouts/application
  Rendered shared/_main_nav.html.erb (0.3ms)
  Rendered shared/_masthead.html.erb (0.2ms)
  Rendered shared/_sections_nav.html.erb (0.2ms)
  Rendered shared/_search_modal.html.erb (0.4ms)
  Rendered shared/_main_content.html.erb (0.8ms)
  Rendered static_pages/index.html.erb within layouts/application (11.6ms)
Completed 200 OK in 108ms (Views: 105.9ms | ActiveRecord: 0.0ms)


Started GET "/assets/application.self-24a8e3f47f786131047c7dfc83866e04d6e919fa4e26564b79273ff8bf9fd99b.css?body=1" for ::1 at 2018-05-11 11:03:02 -0700
Started GET "/" for ::1 at 2018-05-11 11:03:19 -0700
Processing by StaticPagesController#index as HTML
  Rendering static_pages/index.html.erb within layouts/application
  Rendered shared/_main_nav.html.erb (0.2ms)
  Rendered shared/_masthead.html.erb (0.2ms)
  Rendered shared/_sections_nav.html.erb (0.3ms)
  Rendered shared/_search_modal.html.erb (0.2ms)
  Rendered shared/_main_content.html.erb (0.2ms)
  Rendered static_pages/index.html.erb within layouts/application (10.9ms)
Completed 200 OK in 67ms (Views: 65.2ms | ActiveRecord: 0.0ms)


Started GET "/" for ::1 at 2018-05-11 11:03:31 -0700
Processing by StaticPagesController#index as HTML
  Rendering static_pages/index.html.erb within layouts/application
  Rendered shared/_main_nav.html.erb (0.7ms)
  Rendered shared/_masthead.html.erb (0.6ms)
  Rendered shared/_sections_nav.html.erb (0.3ms)
  Rendered shared/_search_modal.html.erb (0.3ms)
  Rendered shared/_main_content.html.erb (0.3ms)
  Rendered static_pages/index.html.erb within layouts/application (15.8ms)
Completed 200 OK in 38ms (Views: 35.1ms | ActiveRecord: 0.0ms)


Started GET "/" for ::1 at 2018-05-11 11:03:33 -0700
Processing by StaticPagesController#index as HTML
  Rendering static_pages/index.html.erb within layouts/application
  Rendered shared/_main_nav.html.erb (0.9ms)
  Rendered shared/_masthead.html.erb (0.3ms)
  Rendered shared/_sections_nav.html.erb (0.3ms)
  Rendered shared/_search_modal.html.erb (0.3ms)
  Rendered shared/_main_content.html.erb (0.4ms)
  Rendered static_pages/index.html.erb within layouts/application (15.7ms)
Completed 200 OK in 47ms (Views: 42.6ms | ActiveRecord: 0.0ms)


Started GET "/assets/application.self-24a8e3f47f786131047c7dfc83866e04d6e919fa4e26564b79273ff8bf9fd99b.css?body=1&livereload=1526061831757" for ::1 at 2018-05-11 11:03:51 -0700
Started GET "/assets/application.self-24a8e3f47f786131047c7dfc83866e04d6e919fa4e26564b79273ff8bf9fd99b.css?body=1&livereload=1526061831759" for ::1 at 2018-05-11 11:03:51 -0700
Started GET "/" for ::1 at 2018-05-11 11:03:56 -0700
Processing by StaticPagesController#index as HTML
  Rendering static_pages/index.html.erb within layouts/application
  Rendered shared/_main_nav.html.erb (0.4ms)
  Rendered shared/_masthead.html.erb (0.3ms)
  Rendered shared/_sections_nav.html.erb (0.2ms)
  Rendered shared/_search_modal.html.erb (0.6ms)
  Rendered shared/_main_content.html.erb (0.3ms)
  Rendered static_pages/index.html.erb within layouts/application (12.2ms)
Completed 200 OK in 39ms (Views: 36.5ms | ActiveRecord: 0.0ms)


Started GET "/assets/application.self-9d0b6c79bb1d497235797b91e6f6f00badbc6e09276b2f7b3e0df27f591e3a59.css?body=1" for ::1 at 2018-05-11 11:03:56 -0700
Started GET "/assets/application.self-9d0b6c79bb1d497235797b91e6f6f00badbc6e09276b2f7b3e0df27f591e3a59.css?body=1&livereload=1526061840935" for ::1 at 2018-05-11 11:04:00 -0700
Started GET "/assets/application.self-9d0b6c79bb1d497235797b91e6f6f00badbc6e09276b2f7b3e0df27f591e3a59.css?body=1&livereload=1526061840936" for ::1 at 2018-05-11 11:04:00 -0700
Started GET "/assets/application.self-9d0b6c79bb1d497235797b91e6f6f00badbc6e09276b2f7b3e0df27f591e3a59.css?body=1&livereload=1526061853974" for ::1 at 2018-05-11 11:04:13 -0700
Started GET "/assets/application.self-9d0b6c79bb1d497235797b91e6f6f00badbc6e09276b2f7b3e0df27f591e3a59.css?body=1&livereload=1526061853978" for ::1 at 2018-05-11 11:04:13 -0700
Started GET "/" for ::1 at 2018-05-11 11:04:52 -0700
Processing by StaticPagesController#index as HTML
  Rendering static_pages/index.html.erb within layouts/application
  Rendered shared/_main_nav.html.erb (0.2ms)
  Rendered shared/_masthead.html.erb (0.4ms)
  Rendered shared/_sections_nav.html.erb (0.5ms)
  Rendered shared/_search_modal.html.erb (0.3ms)
  Rendered shared/_main_content.html.erb (0.2ms)
  Rendered static_pages/index.html.erb within layouts/application (14.3ms)
Completed 200 OK in 44ms (Views: 40.7ms | ActiveRecord: 0.0ms)


Started GET "/assets/application.self-aae0fc6a2ffbedec63b17f73e29234b28ed80b5e9d4efd34246c8018c693f033.css?body=1" for ::1 at 2018-05-11 11:04:52 -0700
Started GET "/assets/application.self-aae0fc6a2ffbedec63b17f73e29234b28ed80b5e9d4efd34246c8018c693f033.css?body=1&livereload=1526061922277" for ::1 at 2018-05-11 11:05:22 -0700
Started GET "/assets/application.self-aae0fc6a2ffbedec63b17f73e29234b28ed80b5e9d4efd34246c8018c693f033.css?body=1&livereload=1526061922280" for ::1 at 2018-05-11 11:05:22 -0700
Started GET "/assets/application.self-aae0fc6a2ffbedec63b17f73e29234b28ed80b5e9d4efd34246c8018c693f033.css?body=1&livereload=1526061931065" for ::1 at 2018-05-11 11:05:31 -0700
Started GET "/assets/application.self-aae0fc6a2ffbedec63b17f73e29234b28ed80b5e9d4efd34246c8018c693f033.css?body=1&livereload=1526061931066" for ::1 at 2018-05-11 11:05:31 -0700
Started GET "/assets/application.self-aae0fc6a2ffbedec63b17f73e29234b28ed80b5e9d4efd34246c8018c693f033.css?body=1&livereload=1526061934341" for ::1 at 2018-05-11 11:05:34 -0700
Started GET "/assets/application.self-aae0fc6a2ffbedec63b17f73e29234b28ed80b5e9d4efd34246c8018c693f033.css?body=1&livereload=1526061934342" for ::1 at 2018-05-11 11:05:34 -0700
Started GET "/assets/application.self-aae0fc6a2ffbedec63b17f73e29234b28ed80b5e9d4efd34246c8018c693f033.css?body=1&livereload=1526062111287" for ::1 at 2018-05-11 11:08:31 -0700
Started GET "/assets/application.self-aae0fc6a2ffbedec63b17f73e29234b28ed80b5e9d4efd34246c8018c693f033.css?body=1&livereload=1526062111288" for ::1 at 2018-05-11 11:08:31 -0700
Started GET "/assets/application.self-aae0fc6a2ffbedec63b17f73e29234b28ed80b5e9d4efd34246c8018c693f033.css?body=1&livereload=1526062125040" for ::1 at 2018-05-11 11:08:45 -0700
Started GET "/assets/application.self-aae0fc6a2ffbedec63b17f73e29234b28ed80b5e9d4efd34246c8018c693f033.css?body=1&livereload=1526062125041" for ::1 at 2018-05-11 11:08:45 -0700
Started GET "/assets/application.self-aae0fc6a2ffbedec63b17f73e29234b28ed80b5e9d4efd34246c8018c693f033.css?body=1&livereload=1526062160148" for ::1 at 2018-05-11 11:09:20 -0700
Started GET "/assets/application.self-aae0fc6a2ffbedec63b17f73e29234b28ed80b5e9d4efd34246c8018c693f033.css?body=1&livereload=1526062160147" for ::1 at 2018-05-11 11:09:20 -0700
Started GET "/assets/application.self-aae0fc6a2ffbedec63b17f73e29234b28ed80b5e9d4efd34246c8018c693f033.css?body=1&livereload=1526062184271" for ::1 at 2018-05-11 11:09:44 -0700
Started GET "/assets/application.self-aae0fc6a2ffbedec63b17f73e29234b28ed80b5e9d4efd34246c8018c693f033.css?body=1&livereload=1526062184275" for ::1 at 2018-05-11 11:09:44 -0700
Started GET "/assets/application.self-aae0fc6a2ffbedec63b17f73e29234b28ed80b5e9d4efd34246c8018c693f033.css?body=1&livereload=1526062218477" for ::1 at 2018-05-11 11:10:18 -0700
Started GET "/assets/application.self-aae0fc6a2ffbedec63b17f73e29234b28ed80b5e9d4efd34246c8018c693f033.css?body=1&livereload=1526062218477&livereload=1526062218477" for ::1 at 2018-05-11 11:10:18 -0700
Started GET "/assets/application.self-aae0fc6a2ffbedec63b17f73e29234b28ed80b5e9d4efd34246c8018c693f033.css?body=1&livereload=1526062295660&livereload=1526062218477" for ::1 at 2018-05-11 11:11:35 -0700
Started GET "/assets/application.self-aae0fc6a2ffbedec63b17f73e29234b28ed80b5e9d4efd34246c8018c693f033.css?body=1&livereload=1526062295662&livereload=1526062218477" for ::1 at 2018-05-11 11:11:35 -0700
Started GET "/assets/application.self-aae0fc6a2ffbedec63b17f73e29234b28ed80b5e9d4efd34246c8018c693f033.css?body=1&livereload=1526062308152&livereload=1526062218477" for ::1 at 2018-05-11 11:11:48 -0700
Started GET "/assets/application.self-aae0fc6a2ffbedec63b17f73e29234b28ed80b5e9d4efd34246c8018c693f033.css?body=1&livereload=1526062308154&livereload=1526062218477" for ::1 at 2018-05-11 11:11:48 -0700
Started GET "/assets/application.self-aae0fc6a2ffbedec63b17f73e29234b28ed80b5e9d4efd34246c8018c693f033.css?body=1&livereload=1526062355447&livereload=1526062218477" for ::1 at 2018-05-11 11:12:35 -0700
Started GET "/assets/application.self-aae0fc6a2ffbedec63b17f73e29234b28ed80b5e9d4efd34246c8018c693f033.css?body=1&livereload=1526062355449&livereload=1526062218477" for ::1 at 2018-05-11 11:12:35 -0700
Started GET "/assets/application.self-aae0fc6a2ffbedec63b17f73e29234b28ed80b5e9d4efd34246c8018c693f033.css?body=1&livereload=1526062450468&livereload=1526062218477" for ::1 at 2018-05-11 11:14:10 -0700
Started GET "/assets/application.self-aae0fc6a2ffbedec63b17f73e29234b28ed80b5e9d4efd34246c8018c693f033.css?body=1&livereload=1526062450468&livereload=1526062218477&livereload=1526062450468" for ::1 at 2018-05-11 11:14:10 -0700
Started GET "/assets/application.self-aae0fc6a2ffbedec63b17f73e29234b28ed80b5e9d4efd34246c8018c693f033.css?body=1&livereload=1526062618491&livereload=1526062218477&livereload=1526062450468" for ::1 at 2018-05-11 11:16:58 -0700
Started GET "/assets/application.self-aae0fc6a2ffbedec63b17f73e29234b28ed80b5e9d4efd34246c8018c693f033.css?body=1&livereload=1526062618493&livereload=1526062218477&livereload=1526062450468" for ::1 at 2018-05-11 11:16:58 -0700
Started GET "/assets/application.self-aae0fc6a2ffbedec63b17f73e29234b28ed80b5e9d4efd34246c8018c693f033.css?body=1&livereload=1526062634442&livereload=1526062218477&livereload=1526062450468" for ::1 at 2018-05-11 11:17:14 -0700
Started GET "/assets/application.self-aae0fc6a2ffbedec63b17f73e29234b28ed80b5e9d4efd34246c8018c693f033.css?body=1&livereload=1526062634443&livereload=1526062218477&livereload=1526062450468" for ::1 at 2018-05-11 11:17:14 -0700
Started GET "/assets/application.self-aae0fc6a2ffbedec63b17f73e29234b28ed80b5e9d4efd34246c8018c693f033.css?body=1&livereload=1526062696947&livereload=1526062218477&livereload=1526062450468" for ::1 at 2018-05-11 11:18:16 -0700
Started GET "/assets/application.self-aae0fc6a2ffbedec63b17f73e29234b28ed80b5e9d4efd34246c8018c693f033.css?body=1&livereload=1526062696948&livereload=1526062218477&livereload=1526062450468" for ::1 at 2018-05-11 11:18:16 -0700
Started GET "/assets/application.self-aae0fc6a2ffbedec63b17f73e29234b28ed80b5e9d4efd34246c8018c693f033.css?body=1&livereload=1526062703639&livereload=1526062218477&livereload=1526062450468" for ::1 at 2018-05-11 11:18:23 -0700
Started GET "/assets/application.self-aae0fc6a2ffbedec63b17f73e29234b28ed80b5e9d4efd34246c8018c693f033.css?body=1&livereload=1526062703637&livereload=1526062218477&livereload=1526062450468" for ::1 at 2018-05-11 11:18:23 -0700
Started GET "/assets/application.self-aae0fc6a2ffbedec63b17f73e29234b28ed80b5e9d4efd34246c8018c693f033.css?body=1&livereload=1526062872978&livereload=1526062218477&livereload=1526062450468" for ::1 at 2018-05-11 11:21:12 -0700
Started GET "/assets/application.self-aae0fc6a2ffbedec63b17f73e29234b28ed80b5e9d4efd34246c8018c693f033.css?body=1&livereload=1526062872977&livereload=1526062218477&livereload=1526062450468" for ::1 at 2018-05-11 11:21:12 -0700
Started GET "/assets/application.self-aae0fc6a2ffbedec63b17f73e29234b28ed80b5e9d4efd34246c8018c693f033.css?body=1&livereload=1526062888139&livereload=1526062218477&livereload=1526062450468" for ::1 at 2018-05-11 11:21:28 -0700
Started GET "/assets/application.self-aae0fc6a2ffbedec63b17f73e29234b28ed80b5e9d4efd34246c8018c693f033.css?body=1&livereload=1526062888139&livereload=1526062218477&livereload=1526062450468&livereload=1526062888139" for ::1 at 2018-05-11 11:21:28 -0700
Started GET "/" for ::1 at 2018-05-11 11:21:31 -0700
Processing by StaticPagesController#index as HTML
  Rendering static_pages/index.html.erb within layouts/application
  Rendered shared/_main_nav.html.erb (0.6ms)
  Rendered shared/_masthead.html.erb (0.3ms)
  Rendered shared/_sections_nav.html.erb (0.2ms)
  Rendered shared/_search_modal.html.erb (0.2ms)
  Rendered shared/_main_content.html.erb (0.4ms)
  Rendered static_pages/index.html.erb within layouts/application (11.5ms)
Completed 200 OK in 127ms (Views: 77.6ms | ActiveRecord: 0.0ms)


Started GET "/assets/application.self-ee20a02087d8d1d4a4d5828327e20840285d651e677f4bb7a110d0d2a96ca14d.css?body=1" for ::1 at 2018-05-11 11:21:31 -0700
Started GET "/" for ::1 at 2018-05-11 11:21:31 -0700
Processing by StaticPagesController#index as HTML
  Rendering static_pages/index.html.erb within layouts/application
  Rendered shared/_main_nav.html.erb (0.2ms)
  Rendered shared/_masthead.html.erb (0.2ms)
  Rendered shared/_sections_nav.html.erb (0.4ms)
  Rendered shared/_search_modal.html.erb (0.3ms)
  Rendered shared/_main_content.html.erb (0.3ms)
  Rendered static_pages/index.html.erb within layouts/application (11.6ms)
Completed 200 OK in 35ms (Views: 31.9ms | ActiveRecord: 0.0ms)


Started GET "/" for ::1 at 2018-05-11 11:21:32 -0700
Processing by StaticPagesController#index as HTML
  Rendering static_pages/index.html.erb within layouts/application
  Rendered shared/_main_nav.html.erb (0.3ms)
  Rendered shared/_masthead.html.erb (0.2ms)
  Rendered shared/_sections_nav.html.erb (0.5ms)
  Rendered shared/_search_modal.html.erb (0.9ms)
  Rendered shared/_main_content.html.erb (0.3ms)
  Rendered static_pages/index.html.erb within layouts/application (13.0ms)
Completed 200 OK in 35ms (Views: 32.9ms | ActiveRecord: 0.0ms)


Started GET "/" for ::1 at 2018-05-11 11:21:32 -0700
Processing by StaticPagesController#index as HTML
  Rendering static_pages/index.html.erb within layouts/application
  Rendered shared/_main_nav.html.erb (0.4ms)
  Rendered shared/_masthead.html.erb (0.2ms)
  Rendered shared/_sections_nav.html.erb (0.6ms)
  Rendered shared/_search_modal.html.erb (0.3ms)
  Rendered shared/_main_content.html.erb (0.2ms)
  Rendered static_pages/index.html.erb within layouts/application (12.8ms)
Completed 200 OK in 37ms (Views: 32.0ms | ActiveRecord: 0.0ms)


Started GET "/" for ::1 at 2018-05-11 11:21:32 -0700
Processing by StaticPagesController#index as HTML
  Rendering static_pages/index.html.erb within layouts/application
  Rendered shared/_main_nav.html.erb (0.4ms)
  Rendered shared/_masthead.html.erb (0.5ms)
  Rendered shared/_sections_nav.html.erb (0.9ms)
  Rendered shared/_search_modal.html.erb (0.3ms)
  Rendered shared/_main_content.html.erb (0.4ms)
  Rendered static_pages/index.html.erb within layouts/application (17.5ms)
Completed 200 OK in 40ms (Views: 37.6ms | ActiveRecord: 0.0ms)


Started GET "/assets/application.self-ee20a02087d8d1d4a4d5828327e20840285d651e677f4bb7a110d0d2a96ca14d.css?body=1&livereload=1526062960650" for ::1 at 2018-05-11 11:22:40 -0700
Started GET "/assets/application.self-ee20a02087d8d1d4a4d5828327e20840285d651e677f4bb7a110d0d2a96ca14d.css?body=1&livereload=1526062960652" for ::1 at 2018-05-11 11:22:40 -0700
Started GET "/assets/application.self-ee20a02087d8d1d4a4d5828327e20840285d651e677f4bb7a110d0d2a96ca14d.css?body=1&livereload=1526062979117" for ::1 at 2018-05-11 11:22:59 -0700
Started GET "/assets/application.self-ee20a02087d8d1d4a4d5828327e20840285d651e677f4bb7a110d0d2a96ca14d.css?body=1&livereload=1526062979118" for ::1 at 2018-05-11 11:22:59 -0700
Started GET "/assets/application.self-ee20a02087d8d1d4a4d5828327e20840285d651e677f4bb7a110d0d2a96ca14d.css?body=1&livereload=1526062986684" for ::1 at 2018-05-11 11:23:06 -0700
Started GET "/assets/application.self-ee20a02087d8d1d4a4d5828327e20840285d651e677f4bb7a110d0d2a96ca14d.css?body=1&livereload=1526062986684&livereload=1526062986684" for ::1 at 2018-05-11 11:23:06 -0700
Started GET "/" for ::1 at 2018-05-11 11:24:40 -0700
Processing by StaticPagesController#index as HTML
  Rendering static_pages/index.html.erb within layouts/application
  Rendered shared/_main_nav.html.erb (0.4ms)
  Rendered shared/_masthead.html.erb (0.3ms)
  Rendered shared/_sections_nav.html.erb (0.2ms)
  Rendered shared/_search_modal.html.erb (0.3ms)
  Rendered shared/_main_content.html.erb (0.6ms)
  Rendered static_pages/index.html.erb within layouts/application (13.1ms)
Completed 200 OK in 126ms (Views: 113.0ms | ActiveRecord: 0.0ms)


Started GET "/assets/application.self-829189d20bc9f4481a47a20be5e2104c03b9558a699b664df39ad8eec904df49.css?body=1" for ::1 at 2018-05-11 11:24:40 -0700
Started GET "/" for ::1 at 2018-05-11 11:26:46 -0700
Processing by StaticPagesController#index as HTML
  Rendering static_pages/index.html.erb within layouts/application
  Rendered shared/_main_nav.html.erb (0.3ms)
  Rendered shared/_masthead.html.erb (0.4ms)
  Rendered shared/_sections_nav.html.erb (0.4ms)
  Rendered shared/_search_modal.html.erb (0.4ms)
  Rendered shared/_main_content.html.erb (0.3ms)
  Rendered static_pages/index.html.erb within layouts/application (13.4ms)
Completed 200 OK in 39ms (Views: 34.2ms | ActiveRecord: 0.0ms)


Started GET "/" for ::1 at 2018-05-11 11:27:00 -0700
Processing by StaticPagesController#index as HTML
  Rendering static_pages/index.html.erb within layouts/application
  Rendered shared/_main_nav.html.erb (0.3ms)
  Rendered shared/_masthead.html.erb (0.3ms)
  Rendered shared/_sections_nav.html.erb (0.3ms)
  Rendered shared/_search_modal.html.erb (0.2ms)
  Rendered shared/_main_content.html.erb (0.2ms)
  Rendered static_pages/index.html.erb within layouts/application (11.8ms)
Completed 200 OK in 34ms (Views: 30.9ms | ActiveRecord: 0.0ms)


Started GET "/" for ::1 at 2018-05-11 11:28:52 -0700
Processing by StaticPagesController#index as HTML
  Rendering static_pages/index.html.erb within layouts/application
  Rendered shared/_main_nav.html.erb (0.7ms)
  Rendered shared/_masthead.html.erb (0.4ms)
  Rendered shared/_sections_nav.html.erb (0.4ms)
  Rendered shared/_search_modal.html.erb (0.3ms)
  Rendered shared/_main_content.html.erb (0.2ms)
  Rendered static_pages/index.html.erb within layouts/application (12.5ms)
Completed 200 OK in 107ms (Views: 100.4ms | ActiveRecord: 0.0ms)


Started GET "/assets/application.self-829189d20bc9f4481a47a20be5e2104c03b9558a699b664df39ad8eec904df49.css?body=1&livereload=1526063667913" for ::1 at 2018-05-11 11:34:27 -0700
Started GET "/assets/application.self-829189d20bc9f4481a47a20be5e2104c03b9558a699b664df39ad8eec904df49.css?body=1&livereload=1526063667914" for ::1 at 2018-05-11 11:34:27 -0700
Started GET "/" for ::1 at 2018-05-11 11:34:31 -0700
Processing by StaticPagesController#index as HTML
  Rendering static_pages/index.html.erb within layouts/application
  Rendered shared/_main_nav.html.erb (0.5ms)
  Rendered shared/_masthead.html.erb (0.3ms)
  Rendered shared/_sections_nav.html.erb (0.4ms)
  Rendered shared/_search_modal.html.erb (0.5ms)
  Rendered shared/_main_content.html.erb (0.4ms)
  Rendered static_pages/index.html.erb within layouts/application (14.2ms)
Completed 200 OK in 172ms (Views: 123.3ms | ActiveRecord: 0.0ms)


Started GET "/assets/application.self-2ba9b7c6e2864a5d5364a641980a16d3d35ac1c6ddf6ff68b7e54a409093fe23.css?body=1" for ::1 at 2018-05-11 11:34:31 -0700
Started GET "/" for ::1 at 2018-05-11 11:36:33 -0700
Processing by StaticPagesController#index as HTML
  Rendering static_pages/index.html.erb within layouts/application
  Rendered shared/_main_nav.html.erb (0.8ms)
  Rendered shared/_masthead.html.erb (0.7ms)
  Rendered shared/_sections_nav.html.erb (0.9ms)
  Rendered shared/_search_modal.html.erb (0.3ms)
  Rendered shared/_main_content.html.erb (0.4ms)
  Rendered static_pages/index.html.erb within layouts/application (17.1ms)
Completed 200 OK in 104ms (Views: 88.5ms | ActiveRecord: 0.0ms)


Started GET "/" for ::1 at 2018-05-11 11:37:00 -0700
Processing by StaticPagesController#index as HTML
  Rendering static_pages/index.html.erb within layouts/application
  Rendered shared/_main_nav.html.erb (0.3ms)
  Rendered shared/_masthead.html.erb (0.3ms)
  Rendered shared/_sections_nav.html.erb (0.3ms)
  Rendered shared/_search_modal.html.erb (0.3ms)
  Rendered shared/_main_content.html.erb (0.6ms)
  Rendered static_pages/index.html.erb within layouts/application (12.4ms)
Completed 200 OK in 40ms (Views: 35.9ms | ActiveRecord: 0.0ms)


Started GET "/assets/application.self-2ba9b7c6e2864a5d5364a641980a16d3d35ac1c6ddf6ff68b7e54a409093fe23.css?body=1&livereload=1526063913685" for ::1 at 2018-05-11 11:38:33 -0700
Started GET "/assets/application.self-2ba9b7c6e2864a5d5364a641980a16d3d35ac1c6ddf6ff68b7e54a409093fe23.css?body=1&livereload=1526063913686" for ::1 at 2018-05-11 11:38:33 -0700
Started GET "/assets/application.self-2ba9b7c6e2864a5d5364a641980a16d3d35ac1c6ddf6ff68b7e54a409093fe23.css?body=1&livereload=1526063935194" for ::1 at 2018-05-11 11:38:55 -0700
Started GET "/assets/application.self-2ba9b7c6e2864a5d5364a641980a16d3d35ac1c6ddf6ff68b7e54a409093fe23.css?body=1&livereload=1526063935194&livereload=1526063935194" for ::1 at 2018-05-11 11:38:55 -0700
Started GET "/assets/application.self-2ba9b7c6e2864a5d5364a641980a16d3d35ac1c6ddf6ff68b7e54a409093fe23.css?body=1&livereload=1526063947705&livereload=1526063935194" for ::1 at 2018-05-11 11:39:07 -0700
Started GET "/assets/application.self-2ba9b7c6e2864a5d5364a641980a16d3d35ac1c6ddf6ff68b7e54a409093fe23.css?body=1&livereload=1526063947707&livereload=1526063935194" for ::1 at 2018-05-11 11:39:07 -0700
Started GET "/assets/application.self-2ba9b7c6e2864a5d5364a641980a16d3d35ac1c6ddf6ff68b7e54a409093fe23.css?body=1&livereload=1526063971520&livereload=1526063935194" for ::1 at 2018-05-11 11:39:31 -0700
Started GET "/assets/application.self-2ba9b7c6e2864a5d5364a641980a16d3d35ac1c6ddf6ff68b7e54a409093fe23.css?body=1&livereload=1526063971521&livereload=1526063935194" for ::1 at 2018-05-11 11:39:31 -0700
Started GET "/assets/application.self-2ba9b7c6e2864a5d5364a641980a16d3d35ac1c6ddf6ff68b7e54a409093fe23.css?body=1&livereload=1526063975337&livereload=1526063935194" for ::1 at 2018-05-11 11:39:35 -0700
Started GET "/assets/application.self-2ba9b7c6e2864a5d5364a641980a16d3d35ac1c6ddf6ff68b7e54a409093fe23.css?body=1&livereload=1526063975338&livereload=1526063935194" for ::1 at 2018-05-11 11:39:35 -0700
Started GET "/assets/application.self-2ba9b7c6e2864a5d5364a641980a16d3d35ac1c6ddf6ff68b7e54a409093fe23.css?body=1&livereload=1526063983306&livereload=1526063935194" for ::1 at 2018-05-11 11:39:43 -0700
Started GET "/assets/application.self-2ba9b7c6e2864a5d5364a641980a16d3d35ac1c6ddf6ff68b7e54a409093fe23.css?body=1&livereload=1526063983307&livereload=1526063935194" for ::1 at 2018-05-11 11:39:43 -0700
Started GET "/assets/application.self-2ba9b7c6e2864a5d5364a641980a16d3d35ac1c6ddf6ff68b7e54a409093fe23.css?body=1&livereload=1526064008408&livereload=1526063935194" for ::1 at 2018-05-11 11:40:08 -0700
Started GET "/assets/application.self-2ba9b7c6e2864a5d5364a641980a16d3d35ac1c6ddf6ff68b7e54a409093fe23.css?body=1&livereload=1526064008409&livereload=1526063935194" for ::1 at 2018-05-11 11:40:08 -0700
Started GET "/assets/application.self-2ba9b7c6e2864a5d5364a641980a16d3d35ac1c6ddf6ff68b7e54a409093fe23.css?body=1&livereload=1526064025725&livereload=1526063935194" for ::1 at 2018-05-11 11:40:25 -0700
Started GET "/assets/application.self-2ba9b7c6e2864a5d5364a641980a16d3d35ac1c6ddf6ff68b7e54a409093fe23.css?body=1&livereload=1526064025726&livereload=1526063935194" for ::1 at 2018-05-11 11:40:25 -0700
Started GET "/assets/application.self-2ba9b7c6e2864a5d5364a641980a16d3d35ac1c6ddf6ff68b7e54a409093fe23.css?body=1&livereload=1526064044423&livereload=1526063935194" for ::1 at 2018-05-11 11:40:44 -0700
Started GET "/assets/application.self-2ba9b7c6e2864a5d5364a641980a16d3d35ac1c6ddf6ff68b7e54a409093fe23.css?body=1&livereload=1526064044423&livereload=1526063935194&livereload=1526064044423" for ::1 at 2018-05-11 11:40:44 -0700
Started GET "/" for ::1 at 2018-05-11 11:41:14 -0700
Processing by StaticPagesController#index as HTML
  Rendering static_pages/index.html.erb within layouts/application
  Rendered shared/_main_nav.html.erb (0.4ms)
  Rendered shared/_masthead.html.erb (0.3ms)
  Rendered shared/_sections_nav.html.erb (0.2ms)
  Rendered shared/_search_modal.html.erb (0.2ms)
  Rendered shared/_main_content.html.erb (0.3ms)
  Rendered static_pages/index.html.erb within layouts/application (12.0ms)
Completed 200 OK in 140ms (Views: 133.2ms | ActiveRecord: 0.0ms)


Started GET "/assets/application.self-289a27d2e30d248ab4f8eab153f8b0d8c60e80dcac5ebe24f349d2056efce792.css?body=1" for ::1 at 2018-05-11 11:41:14 -0700
Started GET "/assets/application.self-289a27d2e30d248ab4f8eab153f8b0d8c60e80dcac5ebe24f349d2056efce792.css?body=1&livereload=1526064122278" for ::1 at 2018-05-11 11:42:02 -0700
Started GET "/assets/application.self-289a27d2e30d248ab4f8eab153f8b0d8c60e80dcac5ebe24f349d2056efce792.css?body=1&livereload=1526064122279" for ::1 at 2018-05-11 11:42:02 -0700
Started GET "/assets/application.self-289a27d2e30d248ab4f8eab153f8b0d8c60e80dcac5ebe24f349d2056efce792.css?body=1&livereload=1526064130423" for ::1 at 2018-05-11 11:42:10 -0700
Started GET "/assets/application.self-289a27d2e30d248ab4f8eab153f8b0d8c60e80dcac5ebe24f349d2056efce792.css?body=1&livereload=1526064130424" for ::1 at 2018-05-11 11:42:10 -0700
Started GET "/assets/application.self-289a27d2e30d248ab4f8eab153f8b0d8c60e80dcac5ebe24f349d2056efce792.css?body=1&livereload=1526064135675" for ::1 at 2018-05-11 11:42:15 -0700
Started GET "/assets/application.self-289a27d2e30d248ab4f8eab153f8b0d8c60e80dcac5ebe24f349d2056efce792.css?body=1&livereload=1526064135677" for ::1 at 2018-05-11 11:42:15 -0700
Started GET "/assets/application.self-289a27d2e30d248ab4f8eab153f8b0d8c60e80dcac5ebe24f349d2056efce792.css?body=1&livereload=1526064142143" for ::1 at 2018-05-11 11:42:22 -0700
Started GET "/assets/application.self-289a27d2e30d248ab4f8eab153f8b0d8c60e80dcac5ebe24f349d2056efce792.css?body=1&livereload=1526064142144" for ::1 at 2018-05-11 11:42:22 -0700
Started GET "/assets/application.self-289a27d2e30d248ab4f8eab153f8b0d8c60e80dcac5ebe24f349d2056efce792.css?body=1&livereload=1526064388585" for ::1 at 2018-05-11 11:46:28 -0700
Started GET "/assets/application.self-289a27d2e30d248ab4f8eab153f8b0d8c60e80dcac5ebe24f349d2056efce792.css?body=1&livereload=1526064388586" for ::1 at 2018-05-11 11:46:28 -0700
Started GET "/assets/application.self-289a27d2e30d248ab4f8eab153f8b0d8c60e80dcac5ebe24f349d2056efce792.css?body=1&livereload=1526064399944" for ::1 at 2018-05-11 11:46:39 -0700
Started GET "/assets/application.self-289a27d2e30d248ab4f8eab153f8b0d8c60e80dcac5ebe24f349d2056efce792.css?body=1&livereload=1526064399945" for ::1 at 2018-05-11 11:46:39 -0700
Started GET "/assets/application.self-289a27d2e30d248ab4f8eab153f8b0d8c60e80dcac5ebe24f349d2056efce792.css?body=1&livereload=1526064411668" for ::1 at 2018-05-11 11:46:51 -0700
Started GET "/assets/application.self-289a27d2e30d248ab4f8eab153f8b0d8c60e80dcac5ebe24f349d2056efce792.css?body=1&livereload=1526064411668&livereload=1526064411668" for ::1 at 2018-05-11 11:46:51 -0700
Started GET "/" for ::1 at 2018-05-11 11:46:53 -0700
Processing by StaticPagesController#index as HTML
  Rendering static_pages/index.html.erb within layouts/application
  Rendered shared/_main_nav.html.erb (0.6ms)
  Rendered shared/_masthead.html.erb (0.5ms)
  Rendered shared/_sections_nav.html.erb (0.4ms)
  Rendered shared/_search_modal.html.erb (0.3ms)
  Rendered shared/_main_content.html.erb (0.6ms)
  Rendered static_pages/index.html.erb within layouts/application (27.4ms)
Completed 200 OK in 116ms (Views: 103.1ms | ActiveRecord: 0.0ms)


Started GET "/assets/application.self-244a1decec40ad0923be2db94515accd0e36d34295d944fdb5ec81be0a913f79.css?body=1" for ::1 at 2018-05-11 11:46:54 -0700
Started GET "/assets/application.self-244a1decec40ad0923be2db94515accd0e36d34295d944fdb5ec81be0a913f79.css?body=1&livereload=1526064422479" for ::1 at 2018-05-11 11:47:02 -0700
Started GET "/assets/application.self-244a1decec40ad0923be2db94515accd0e36d34295d944fdb5ec81be0a913f79.css?body=1&livereload=1526064422481" for ::1 at 2018-05-11 11:47:02 -0700
Started GET "/assets/application.self-244a1decec40ad0923be2db94515accd0e36d34295d944fdb5ec81be0a913f79.css?body=1&livereload=1526064425919" for ::1 at 2018-05-11 11:47:05 -0700
Started GET "/assets/application.self-244a1decec40ad0923be2db94515accd0e36d34295d944fdb5ec81be0a913f79.css?body=1&livereload=1526064425920" for ::1 at 2018-05-11 11:47:05 -0700
Started GET "/" for ::1 at 2018-05-11 11:47:08 -0700
Processing by StaticPagesController#index as HTML
  Rendering static_pages/index.html.erb within layouts/application
  Rendered shared/_main_nav.html.erb (0.4ms)
  Rendered shared/_masthead.html.erb (0.2ms)
  Rendered shared/_sections_nav.html.erb (0.3ms)
  Rendered shared/_search_modal.html.erb (0.3ms)
  Rendered shared/_main_content.html.erb (0.2ms)
  Rendered static_pages/index.html.erb within layouts/application (20.8ms)
Completed 200 OK in 108ms (Views: 99.1ms | ActiveRecord: 0.0ms)


Started GET "/assets/application.self-5cf6eaf88faea3f9e83b9f90b5b2755af7ff8b6be750c3b353c4d97a8d827fdd.css?body=1" for ::1 at 2018-05-11 11:47:08 -0700
Started GET "/assets/application.self-5cf6eaf88faea3f9e83b9f90b5b2755af7ff8b6be750c3b353c4d97a8d827fdd.css?body=1&livereload=1526064435918" for ::1 at 2018-05-11 11:47:15 -0700
Started GET "/assets/application.self-5cf6eaf88faea3f9e83b9f90b5b2755af7ff8b6be750c3b353c4d97a8d827fdd.css?body=1&livereload=1526064435919" for ::1 at 2018-05-11 11:47:15 -0700
Started GET "/assets/application.self-5cf6eaf88faea3f9e83b9f90b5b2755af7ff8b6be750c3b353c4d97a8d827fdd.css?body=1&livereload=1526064460308" for ::1 at 2018-05-11 11:47:40 -0700
Started GET "/assets/application.self-5cf6eaf88faea3f9e83b9f90b5b2755af7ff8b6be750c3b353c4d97a8d827fdd.css?body=1&livereload=1526064460309" for ::1 at 2018-05-11 11:47:40 -0700
Started GET "/assets/application.self-5cf6eaf88faea3f9e83b9f90b5b2755af7ff8b6be750c3b353c4d97a8d827fdd.css?body=1&livereload=1526064470270" for ::1 at 2018-05-11 11:47:50 -0700
Started GET "/assets/application.self-5cf6eaf88faea3f9e83b9f90b5b2755af7ff8b6be750c3b353c4d97a8d827fdd.css?body=1&livereload=1526064470271" for ::1 at 2018-05-11 11:47:50 -0700
Started GET "/assets/application.self-5cf6eaf88faea3f9e83b9f90b5b2755af7ff8b6be750c3b353c4d97a8d827fdd.css?body=1&livereload=1526064491118" for ::1 at 2018-05-11 11:48:11 -0700
Started GET "/assets/application.self-5cf6eaf88faea3f9e83b9f90b5b2755af7ff8b6be750c3b353c4d97a8d827fdd.css?body=1&livereload=1526064491119" for ::1 at 2018-05-11 11:48:11 -0700
Started GET "/assets/application.self-5cf6eaf88faea3f9e83b9f90b5b2755af7ff8b6be750c3b353c4d97a8d827fdd.css?body=1&livereload=1526064518020" for ::1 at 2018-05-11 11:48:38 -0700
Started GET "/assets/application.self-5cf6eaf88faea3f9e83b9f90b5b2755af7ff8b6be750c3b353c4d97a8d827fdd.css?body=1&livereload=1526064518020&livereload=1526064518020" for ::1 at 2018-05-11 11:48:38 -0700
Started GET "/assets/application.self-5cf6eaf88faea3f9e83b9f90b5b2755af7ff8b6be750c3b353c4d97a8d827fdd.css?body=1&livereload=1526064566029&livereload=1526064518020" for ::1 at 2018-05-11 11:49:26 -0700
Started GET "/assets/application.self-5cf6eaf88faea3f9e83b9f90b5b2755af7ff8b6be750c3b353c4d97a8d827fdd.css?body=1&livereload=1526064566030&livereload=1526064518020" for ::1 at 2018-05-11 11:49:26 -0700
Started GET "/assets/application.self-5cf6eaf88faea3f9e83b9f90b5b2755af7ff8b6be750c3b353c4d97a8d827fdd.css?body=1&livereload=1526064577627&livereload=1526064518020" for ::1 at 2018-05-11 11:49:37 -0700
Started GET "/assets/application.self-5cf6eaf88faea3f9e83b9f90b5b2755af7ff8b6be750c3b353c4d97a8d827fdd.css?body=1&livereload=1526064577628&livereload=1526064518020" for ::1 at 2018-05-11 11:49:37 -0700
Started GET "/assets/application.self-5cf6eaf88faea3f9e83b9f90b5b2755af7ff8b6be750c3b353c4d97a8d827fdd.css?body=1&livereload=1526064591744&livereload=1526064518020" for ::1 at 2018-05-11 11:49:51 -0700
Started GET "/assets/application.self-5cf6eaf88faea3f9e83b9f90b5b2755af7ff8b6be750c3b353c4d97a8d827fdd.css?body=1&livereload=1526064591745&livereload=1526064518020" for ::1 at 2018-05-11 11:49:51 -0700
Started GET "/assets/application.self-5cf6eaf88faea3f9e83b9f90b5b2755af7ff8b6be750c3b353c4d97a8d827fdd.css?body=1&livereload=1526064618309&livereload=1526064518020" for ::1 at 2018-05-11 11:50:18 -0700
Started GET "/assets/application.self-5cf6eaf88faea3f9e83b9f90b5b2755af7ff8b6be750c3b353c4d97a8d827fdd.css?body=1&livereload=1526064618310&livereload=1526064518020" for ::1 at 2018-05-11 11:50:18 -0700
Started GET "/assets/application.self-5cf6eaf88faea3f9e83b9f90b5b2755af7ff8b6be750c3b353c4d97a8d827fdd.css?body=1&livereload=1526064651695&livereload=1526064518020" for ::1 at 2018-05-11 11:50:51 -0700
Started GET "/assets/application.self-5cf6eaf88faea3f9e83b9f90b5b2755af7ff8b6be750c3b353c4d97a8d827fdd.css?body=1&livereload=1526064651695&livereload=1526064518020&livereload=1526064651695" for ::1 at 2018-05-11 11:50:51 -0700
Started GET "/assets/application.self-5cf6eaf88faea3f9e83b9f90b5b2755af7ff8b6be750c3b353c4d97a8d827fdd.css?body=1&livereload=1526064678219&livereload=1526064518020&livereload=1526064651695" for ::1 at 2018-05-11 11:51:18 -0700
Started GET "/assets/application.self-5cf6eaf88faea3f9e83b9f90b5b2755af7ff8b6be750c3b353c4d97a8d827fdd.css?body=1&livereload=1526064678220&livereload=1526064518020&livereload=1526064651695" for ::1 at 2018-05-11 11:51:18 -0700
Started GET "/assets/application.self-5cf6eaf88faea3f9e83b9f90b5b2755af7ff8b6be750c3b353c4d97a8d827fdd.css?body=1&livereload=1526064703769&livereload=1526064518020&livereload=1526064651695" for ::1 at 2018-05-11 11:51:43 -0700
Started GET "/assets/application.self-5cf6eaf88faea3f9e83b9f90b5b2755af7ff8b6be750c3b353c4d97a8d827fdd.css?body=1&livereload=1526064703770&livereload=1526064518020&livereload=1526064651695" for ::1 at 2018-05-11 11:51:43 -0700
Started GET "/assets/application.self-5cf6eaf88faea3f9e83b9f90b5b2755af7ff8b6be750c3b353c4d97a8d827fdd.css?body=1&livereload=1526064720272&livereload=1526064518020&livereload=1526064651695" for ::1 at 2018-05-11 11:52:00 -0700
Started GET "/assets/application.self-5cf6eaf88faea3f9e83b9f90b5b2755af7ff8b6be750c3b353c4d97a8d827fdd.css?body=1&livereload=1526064720273&livereload=1526064518020&livereload=1526064651695" for ::1 at 2018-05-11 11:52:00 -0700
Started GET "/assets/application.self-5cf6eaf88faea3f9e83b9f90b5b2755af7ff8b6be750c3b353c4d97a8d827fdd.css?body=1&livereload=1526064789938&livereload=1526064518020&livereload=1526064651695" for ::1 at 2018-05-11 11:53:09 -0700
Started GET "/assets/application.self-5cf6eaf88faea3f9e83b9f90b5b2755af7ff8b6be750c3b353c4d97a8d827fdd.css?body=1&livereload=1526064789940&livereload=1526064518020&livereload=1526064651695" for ::1 at 2018-05-11 11:53:09 -0700
Started GET "/assets/application.self-5cf6eaf88faea3f9e83b9f90b5b2755af7ff8b6be750c3b353c4d97a8d827fdd.css?body=1&livereload=1526064821516&livereload=1526064518020&livereload=1526064651695" for ::1 at 2018-05-11 11:53:41 -0700
Started GET "/assets/application.self-5cf6eaf88faea3f9e83b9f90b5b2755af7ff8b6be750c3b353c4d97a8d827fdd.css?body=1&livereload=1526064821517&livereload=1526064518020&livereload=1526064651695" for ::1 at 2018-05-11 11:53:41 -0700
Started GET "/assets/application.self-5cf6eaf88faea3f9e83b9f90b5b2755af7ff8b6be750c3b353c4d97a8d827fdd.css?body=1&livereload=1526064837051&livereload=1526064518020&livereload=1526064651695" for ::1 at 2018-05-11 11:53:57 -0700
Started GET "/assets/application.self-5cf6eaf88faea3f9e83b9f90b5b2755af7ff8b6be750c3b353c4d97a8d827fdd.css?body=1&livereload=1526064837052&livereload=1526064518020&livereload=1526064651695" for ::1 at 2018-05-11 11:53:57 -0700
Started GET "/assets/application.self-5cf6eaf88faea3f9e83b9f90b5b2755af7ff8b6be750c3b353c4d97a8d827fdd.css?body=1&livereload=1526064885188&livereload=1526064518020&livereload=1526064651695" for ::1 at 2018-05-11 11:54:45 -0700
Started GET "/assets/application.self-5cf6eaf88faea3f9e83b9f90b5b2755af7ff8b6be750c3b353c4d97a8d827fdd.css?body=1&livereload=1526064885189&livereload=1526064518020&livereload=1526064651695" for ::1 at 2018-05-11 11:54:45 -0700
Started GET "/assets/application.self-5cf6eaf88faea3f9e83b9f90b5b2755af7ff8b6be750c3b353c4d97a8d827fdd.css?body=1&livereload=1526064924896&livereload=1526064518020&livereload=1526064651695" for ::1 at 2018-05-11 11:55:24 -0700
Started GET "/assets/application.self-5cf6eaf88faea3f9e83b9f90b5b2755af7ff8b6be750c3b353c4d97a8d827fdd.css?body=1&livereload=1526064924897&livereload=1526064518020&livereload=1526064651695" for ::1 at 2018-05-11 11:55:24 -0700
Started GET "/assets/application.self-5cf6eaf88faea3f9e83b9f90b5b2755af7ff8b6be750c3b353c4d97a8d827fdd.css?body=1&livereload=1526064938573&livereload=1526064518020&livereload=1526064651695" for ::1 at 2018-05-11 11:55:38 -0700
Started GET "/assets/application.self-5cf6eaf88faea3f9e83b9f90b5b2755af7ff8b6be750c3b353c4d97a8d827fdd.css?body=1&livereload=1526064938574&livereload=1526064518020&livereload=1526064651695" for ::1 at 2018-05-11 11:55:38 -0700
Started GET "/assets/application.self-5cf6eaf88faea3f9e83b9f90b5b2755af7ff8b6be750c3b353c4d97a8d827fdd.css?body=1&livereload=1526064945184&livereload=1526064518020&livereload=1526064651695&livereload=1526064945184" for ::1 at 2018-05-11 11:55:45 -0700
Started GET "/assets/application.self-5cf6eaf88faea3f9e83b9f90b5b2755af7ff8b6be750c3b353c4d97a8d827fdd.css?body=1&livereload=1526064945184&livereload=1526064518020&livereload=1526064651695" for ::1 at 2018-05-11 11:55:45 -0700
Started GET "/assets/application.self-5cf6eaf88faea3f9e83b9f90b5b2755af7ff8b6be750c3b353c4d97a8d827fdd.css?body=1&livereload=1526064953922&livereload=1526064518020&livereload=1526064651695&livereload=1526064945184" for ::1 at 2018-05-11 11:55:53 -0700
Started GET "/assets/application.self-5cf6eaf88faea3f9e83b9f90b5b2755af7ff8b6be750c3b353c4d97a8d827fdd.css?body=1&livereload=1526064953924&livereload=1526064518020&livereload=1526064651695&livereload=1526064945184" for ::1 at 2018-05-11 11:55:53 -0700
Started GET "/assets/application.self-5cf6eaf88faea3f9e83b9f90b5b2755af7ff8b6be750c3b353c4d97a8d827fdd.css?body=1&livereload=1526064960240&livereload=1526064518020&livereload=1526064651695&livereload=1526064945184" for ::1 at 2018-05-11 11:56:00 -0700
Started GET "/assets/application.self-5cf6eaf88faea3f9e83b9f90b5b2755af7ff8b6be750c3b353c4d97a8d827fdd.css?body=1&livereload=1526064960240&livereload=1526064518020&livereload=1526064651695&livereload=1526064945184&livereload=1526064960240" for ::1 at 2018-05-11 11:56:00 -0700
Started GET "/assets/application.self-5cf6eaf88faea3f9e83b9f90b5b2755af7ff8b6be750c3b353c4d97a8d827fdd.css?body=1&livereload=1526064982625&livereload=1526064518020&livereload=1526064651695&livereload=1526064945184&livereload=1526064960240" for ::1 at 2018-05-11 11:56:22 -0700
Started GET "/assets/application.self-5cf6eaf88faea3f9e83b9f90b5b2755af7ff8b6be750c3b353c4d97a8d827fdd.css?body=1&livereload=1526064982627&livereload=1526064518020&livereload=1526064651695&livereload=1526064945184&livereload=1526064960240" for ::1 at 2018-05-11 11:56:22 -0700
Started GET "/assets/application.self-5cf6eaf88faea3f9e83b9f90b5b2755af7ff8b6be750c3b353c4d97a8d827fdd.css?body=1&livereload=1526064988597&livereload=1526064518020&livereload=1526064651695&livereload=1526064945184&livereload=1526064960240" for ::1 at 2018-05-11 11:56:28 -0700
Started GET "/assets/application.self-5cf6eaf88faea3f9e83b9f90b5b2755af7ff8b6be750c3b353c4d97a8d827fdd.css?body=1&livereload=1526064988599&livereload=1526064518020&livereload=1526064651695&livereload=1526064945184&livereload=1526064960240" for ::1 at 2018-05-11 11:56:28 -0700
Started GET "/assets/application.self-5cf6eaf88faea3f9e83b9f90b5b2755af7ff8b6be750c3b353c4d97a8d827fdd.css?body=1&livereload=1526065040587&livereload=1526064518020&livereload=1526064651695&livereload=1526064945184&livereload=1526064960240" for ::1 at 2018-05-11 11:57:20 -0700
Started GET "/assets/application.self-5cf6eaf88faea3f9e83b9f90b5b2755af7ff8b6be750c3b353c4d97a8d827fdd.css?body=1&livereload=1526065040589&livereload=1526064518020&livereload=1526064651695&livereload=1526064945184&livereload=1526064960240" for ::1 at 2018-05-11 11:57:20 -0700
Started GET "/assets/application.self-5cf6eaf88faea3f9e83b9f90b5b2755af7ff8b6be750c3b353c4d97a8d827fdd.css?body=1&livereload=1526065051743&livereload=1526064518020&livereload=1526064651695&livereload=1526064945184&livereload=1526064960240" for ::1 at 2018-05-11 11:57:31 -0700
Started GET "/assets/application.self-5cf6eaf88faea3f9e83b9f90b5b2755af7ff8b6be750c3b353c4d97a8d827fdd.css?body=1&livereload=1526065051744&livereload=1526064518020&livereload=1526064651695&livereload=1526064945184&livereload=1526064960240" for ::1 at 2018-05-11 11:57:31 -0700
Started GET "/assets/application.self-5cf6eaf88faea3f9e83b9f90b5b2755af7ff8b6be750c3b353c4d97a8d827fdd.css?body=1&livereload=1526065091795&livereload=1526064518020&livereload=1526064651695&livereload=1526064945184&livereload=1526064960240" for ::1 at 2018-05-11 11:58:11 -0700
Started GET "/assets/application.self-5cf6eaf88faea3f9e83b9f90b5b2755af7ff8b6be750c3b353c4d97a8d827fdd.css?body=1&livereload=1526065091796&livereload=1526064518020&livereload=1526064651695&livereload=1526064945184&livereload=1526064960240" for ::1 at 2018-05-11 11:58:11 -0700
Started GET "/assets/application.self-5cf6eaf88faea3f9e83b9f90b5b2755af7ff8b6be750c3b353c4d97a8d827fdd.css?body=1&livereload=1526065096812&livereload=1526064518020&livereload=1526064651695&livereload=1526064945184&livereload=1526064960240" for ::1 at 2018-05-11 11:58:16 -0700
Started GET "/assets/application.self-5cf6eaf88faea3f9e83b9f90b5b2755af7ff8b6be750c3b353c4d97a8d827fdd.css?body=1&livereload=1526065096813&livereload=1526064518020&livereload=1526064651695&livereload=1526064945184&livereload=1526064960240" for ::1 at 2018-05-11 11:58:16 -0700
Started GET "/assets/application.self-5cf6eaf88faea3f9e83b9f90b5b2755af7ff8b6be750c3b353c4d97a8d827fdd.css?body=1&livereload=1526065103120&livereload=1526064518020&livereload=1526064651695&livereload=1526064945184&livereload=1526064960240" for ::1 at 2018-05-11 11:58:23 -0700
Started GET "/assets/application.self-5cf6eaf88faea3f9e83b9f90b5b2755af7ff8b6be750c3b353c4d97a8d827fdd.css?body=1&livereload=1526065103121&livereload=1526064518020&livereload=1526064651695&livereload=1526064945184&livereload=1526064960240" for ::1 at 2018-05-11 11:58:23 -0700
Started GET "/assets/application.self-5cf6eaf88faea3f9e83b9f90b5b2755af7ff8b6be750c3b353c4d97a8d827fdd.css?body=1&livereload=1526065109339&livereload=1526064518020&livereload=1526064651695&livereload=1526064945184&livereload=1526064960240" for ::1 at 2018-05-11 11:58:29 -0700
Started GET "/assets/application.self-5cf6eaf88faea3f9e83b9f90b5b2755af7ff8b6be750c3b353c4d97a8d827fdd.css?body=1&livereload=1526065109340&livereload=1526064518020&livereload=1526064651695&livereload=1526064945184&livereload=1526064960240" for ::1 at 2018-05-11 11:58:29 -0700
Started GET "/assets/application.self-5cf6eaf88faea3f9e83b9f90b5b2755af7ff8b6be750c3b353c4d97a8d827fdd.css?body=1&livereload=1526065130752&livereload=1526064518020&livereload=1526064651695&livereload=1526064945184&livereload=1526064960240" for ::1 at 2018-05-11 11:58:50 -0700
Started GET "/assets/application.self-5cf6eaf88faea3f9e83b9f90b5b2755af7ff8b6be750c3b353c4d97a8d827fdd.css?body=1&livereload=1526065130753&livereload=1526064518020&livereload=1526064651695&livereload=1526064945184&livereload=1526064960240" for ::1 at 2018-05-11 11:58:50 -0700
Started GET "/assets/application.self-5cf6eaf88faea3f9e83b9f90b5b2755af7ff8b6be750c3b353c4d97a8d827fdd.css?body=1&livereload=1526065136788&livereload=1526064518020&livereload=1526064651695&livereload=1526064945184&livereload=1526064960240" for ::1 at 2018-05-11 11:58:56 -0700
Started GET "/assets/application.self-5cf6eaf88faea3f9e83b9f90b5b2755af7ff8b6be750c3b353c4d97a8d827fdd.css?body=1&livereload=1526065136790&livereload=1526064518020&livereload=1526064651695&livereload=1526064945184&livereload=1526064960240" for ::1 at 2018-05-11 11:58:56 -0700
Started GET "/assets/application.self-5cf6eaf88faea3f9e83b9f90b5b2755af7ff8b6be750c3b353c4d97a8d827fdd.css?body=1&livereload=1526065149425&livereload=1526064518020&livereload=1526064651695&livereload=1526064945184&livereload=1526064960240" for ::1 at 2018-05-11 11:59:09 -0700
Started GET "/assets/application.self-5cf6eaf88faea3f9e83b9f90b5b2755af7ff8b6be750c3b353c4d97a8d827fdd.css?body=1&livereload=1526065149426&livereload=1526064518020&livereload=1526064651695&livereload=1526064945184&livereload=1526064960240" for ::1 at 2018-05-11 11:59:09 -0700
Started GET "/assets/application.self-5cf6eaf88faea3f9e83b9f90b5b2755af7ff8b6be750c3b353c4d97a8d827fdd.css?body=1&livereload=1526065178450&livereload=1526064518020&livereload=1526064651695&livereload=1526064945184&livereload=1526064960240" for ::1 at 2018-05-11 11:59:38 -0700
Started GET "/assets/application.self-5cf6eaf88faea3f9e83b9f90b5b2755af7ff8b6be750c3b353c4d97a8d827fdd.css?body=1&livereload=1526065178451&livereload=1526064518020&livereload=1526064651695&livereload=1526064945184&livereload=1526064960240" for ::1 at 2018-05-11 11:59:38 -0700
Started GET "/assets/application.self-5cf6eaf88faea3f9e83b9f90b5b2755af7ff8b6be750c3b353c4d97a8d827fdd.css?body=1&livereload=1526065190082&livereload=1526064518020&livereload=1526064651695&livereload=1526064945184&livereload=1526064960240" for ::1 at 2018-05-11 11:59:50 -0700
Started GET "/assets/application.self-5cf6eaf88faea3f9e83b9f90b5b2755af7ff8b6be750c3b353c4d97a8d827fdd.css?body=1&livereload=1526065190083&livereload=1526064518020&livereload=1526064651695&livereload=1526064945184&livereload=1526064960240" for ::1 at 2018-05-11 11:59:50 -0700
Started GET "/assets/application.self-5cf6eaf88faea3f9e83b9f90b5b2755af7ff8b6be750c3b353c4d97a8d827fdd.css?body=1&livereload=1526065195751&livereload=1526064518020&livereload=1526064651695&livereload=1526064945184&livereload=1526064960240&livereload=1526065195751" for ::1 at 2018-05-11 11:59:55 -0700
Started GET "/assets/application.self-5cf6eaf88faea3f9e83b9f90b5b2755af7ff8b6be750c3b353c4d97a8d827fdd.css?body=1&livereload=1526065195751&livereload=1526064518020&livereload=1526064651695&livereload=1526064945184&livereload=1526064960240" for ::1 at 2018-05-11 11:59:55 -0700
Started GET "/assets/application.self-5cf6eaf88faea3f9e83b9f90b5b2755af7ff8b6be750c3b353c4d97a8d827fdd.css?body=1&livereload=1526065222079&livereload=1526064518020&livereload=1526064651695&livereload=1526064945184&livereload=1526064960240&livereload=1526065195751" for ::1 at 2018-05-11 12:00:22 -0700
Started GET "/assets/application.self-5cf6eaf88faea3f9e83b9f90b5b2755af7ff8b6be750c3b353c4d97a8d827fdd.css?body=1&livereload=1526065222081&livereload=1526064518020&livereload=1526064651695&livereload=1526064945184&livereload=1526064960240&livereload=1526065195751" for ::1 at 2018-05-11 12:00:22 -0700
Started GET "/assets/application.self-5cf6eaf88faea3f9e83b9f90b5b2755af7ff8b6be750c3b353c4d97a8d827fdd.css?body=1&livereload=1526065226536&livereload=1526064518020&livereload=1526064651695&livereload=1526064945184&livereload=1526064960240&livereload=1526065195751" for ::1 at 2018-05-11 12:00:26 -0700
Started GET "/assets/application.self-5cf6eaf88faea3f9e83b9f90b5b2755af7ff8b6be750c3b353c4d97a8d827fdd.css?body=1&livereload=1526065226537&livereload=1526064518020&livereload=1526064651695&livereload=1526064945184&livereload=1526064960240&livereload=1526065195751" for ::1 at 2018-05-11 12:00:26 -0700
Started GET "/assets/application.self-5cf6eaf88faea3f9e83b9f90b5b2755af7ff8b6be750c3b353c4d97a8d827fdd.css?body=1&livereload=1526065236538&livereload=1526064518020&livereload=1526064651695&livereload=1526064945184&livereload=1526064960240&livereload=1526065195751" for ::1 at 2018-05-11 12:00:36 -0700
Started GET "/assets/application.self-5cf6eaf88faea3f9e83b9f90b5b2755af7ff8b6be750c3b353c4d97a8d827fdd.css?body=1&livereload=1526065236538&livereload=1526064518020&livereload=1526064651695&livereload=1526064945184&livereload=1526064960240&livereload=1526065195751&livereload=1526065236538" for ::1 at 2018-05-11 12:00:36 -0700
